Using pre-set license
Built from '2021.3/staging' branch; Version is '2021.3.29f1 (204d6dc9ae1c) revision 2116973'; Using compiler version '192829333'; Build Type 'Release'
OS: 'Windows 10  (10.0.19045) 64bit Professional' Language: 'en' Physical Memory: 65449 MB
BatchMode: 1, IsHumanControllingUs: 0, StartBugReporterOnCrash: 0, Is64bit: 1, IsPro: 1

COMMAND LINE ARGUMENTS:
D:\Programs\Unity_\2021.3.29f1\Editor\Unity.exe
-adb2
-batchMode
-noUpm
-name
AssetImportWorker0
-projectPath
D:/Adobe/Git/MHAC/MHACgit
-logFile
Logs/AssetImportWorker0.log
-srvPort
57805
Successfully changed project path to: D:/Adobe/Git/MHAC/MHACgit
D:/Adobe/Git/MHAC/MHACgit
[UnityMemory] Configuration Parameters - Can be set up in boot.config
    "memorysetup-bucket-allocator-granularity=16"
    "memorysetup-bucket-allocator-bucket-count=8"
    "memorysetup-bucket-allocator-block-size=33554432"
    "memorysetup-bucket-allocator-block-count=8"
    "memorysetup-main-allocator-block-size=16777216"
    "memorysetup-thread-allocator-block-size=16777216"
    "memorysetup-gfx-main-allocator-block-size=16777216"
    "memorysetup-gfx-thread-allocator-block-size=16777216"
    "memorysetup-cache-allocator-block-size=4194304"
    "memorysetup-typetree-allocator-block-size=2097152"
    "memorysetup-profiler-bucket-allocator-granularity=16"
    "memorysetup-profiler-bucket-allocator-bucket-count=8"
    "memorysetup-profiler-bucket-allocator-block-size=33554432"
    "memorysetup-profiler-bucket-allocator-block-count=8"
    "memorysetup-profiler-allocator-block-size=16777216"
    "memorysetup-profiler-editor-allocator-block-size=1048576"
    "memorysetup-temp-allocator-size-main=16777216"
    "memorysetup-job-temp-allocator-block-size=2097152"
    "memorysetup-job-temp-allocator-block-size-background=1048576"
    "memorysetup-job-temp-allocator-reduction-small-platforms=262144"
    "memorysetup-temp-allocator-size-background-worker=32768"
    "memorysetup-temp-allocator-size-job-worker=262144"
    "memorysetup-temp-allocator-size-preload-manager=33554432"
    "memorysetup-temp-allocator-size-nav-mesh-worker=65536"
    "memorysetup-temp-allocator-size-audio-worker=65536"
    "memorysetup-temp-allocator-size-cloud-worker=32768"
    "memorysetup-temp-allocator-size-gi-baking-worker=262144"
    "memorysetup-temp-allocator-size-gfx=262144"
Player connection [37716] Host "[IP] 192.168.1.89 [Port] 0 [Flags] 2 [Guid] 3762808299 [EditorId] 3762808299 [Version] 1048832 [Id] WindowsEditor(7,DESKTOP-SHJQI86) [Debug] 1 [PackageName] WindowsEditor [ProjectName] Editor" joined multi-casting on [225.0.0.222:54997]...

Player connection [37716] Host "[IP] 192.168.1.89 [Port] 0 [Flags] 2 [Guid] 3762808299 [EditorId] 3762808299 [Version] 1048832 [Id] WindowsEditor(7,DESKTOP-SHJQI86) [Debug] 1 [PackageName] WindowsEditor [ProjectName] Editor" joined alternative multi-casting on [225.0.0.222:34997]...

Refreshing native plugins compatible for Editor in 20.27 ms, found 2 plugins.
Preloading 0 native plugins for Editor in 0.00 ms.
Initialize engine version: 2021.3.29f1 (204d6dc9ae1c)
[Subsystems] Discovering subsystems at path D:/Programs/Unity_/2021.3.29f1/Editor/Data/Resources/UnitySubsystems
[Subsystems] Discovering subsystems at path D:/Adobe/Git/MHAC/MHACgit/Assets
GfxDevice: creating device client; threaded=0; jobified=0
Direct3D:
    Version:  Direct3D 11.0 [level 11.1]
    Renderer: NVIDIA GeForce RTX 3080 (ID=0x2216)
    Vendor:   NVIDIA
    VRAM:     10053 MB
    Driver:   32.0.15.6603
Initialize mono
Mono path[0] = 'D:/Programs/Unity_/2021.3.29f1/Editor/Data/Managed'
Mono path[1] = 'D:/Programs/Unity_/2021.3.29f1/Editor/Data/MonoBleedingEdge/lib/mono/unityjit-win32'
Mono config path = 'D:/Programs/Unity_/2021.3.29f1/Editor/Data/MonoBleedingEdge/etc'
Using monoOptions --debugger-agent=transport=dt_socket,embedding=1,server=y,suspend=n,address=127.0.0.1:56844
Begin MonoManager ReloadAssembly
Registering precompiled unity dll's ...
Register platform support module: D:/Programs/Unity_/2021.3.29f1/Editor/Data/PlaybackEngines/WebGLSupport/UnityEditor.WebGL.Extensions.dll
Register platform support module: D:/Programs/Unity_/2021.3.29f1/Editor/Data/PlaybackEngines/AndroidPlayer/UnityEditor.Android.Extensions.dll
Register platform support module: D:/Programs/Unity_/2021.3.29f1/Editor/Data/PlaybackEngines/iOSSupport/UnityEditor.iOS.Extensions.dll
Register platform support module: D:/Programs/Unity_/2021.3.29f1/Editor/Data/PlaybackEngines/WindowsStandaloneSupport/UnityEditor.WindowsStandalone.Extensions.dll
Registered in 0.003378 seconds.
Native extension for WindowsStandalone target not found
[usbmuxd] Start listen thread
[usbmuxd] Listen thread started
Native extension for iOS target not found
Native extension for Android target not found
Android Extension - Scanning For ADB Devices 307 ms
Native extension for WebGL target not found
Refreshing native plugins compatible for Editor in 19.35 ms, found 2 plugins.
Preloading 0 native plugins for Editor in 0.00 ms.
Mono: successfully reloaded assembly
- Completed reload, in  0.851 seconds
Domain Reload Profiling:
	ReloadAssembly (851ms)
		BeginReloadAssembly (96ms)
			ExecutionOrderSort (0ms)
			DisableScriptedObjects (0ms)
			BackupInstance (0ms)
			ReleaseScriptingObjects (0ms)
			CreateAndSetChildDomain (1ms)
		EndReloadAssembly (678ms)
			LoadAssemblies (95ms)
			RebuildTransferFunctionScriptingTraits (0ms)
			SetupTypeCache (77ms)
			ReleaseScriptCaches (0ms)
			RebuildScriptCaches (23ms)
			SetupLoadedEditorAssemblies (540ms)
				LogAssemblyErrors (0ms)
				InitializePlatformSupportModulesInManaged (399ms)
				SetLoadedEditorAssemblies (0ms)
				RefreshPlugins (19ms)
				BeforeProcessingInitializeOnLoad (1ms)
				ProcessInitializeOnLoadAttributes (87ms)
				ProcessInitializeOnLoadMethodAttributes (33ms)
				AfterProcessingInitializeOnLoad (0ms)
				EditorAssembliesLoaded (0ms)
			ExecutionOrderSort2 (0ms)
			AwakeInstancesAfterBackupRestoration (0ms)
Platform modules already initialized, skipping
Registering precompiled user dll's ...
Registered in 0.001516 seconds.
Begin MonoManager ReloadAssembly
Native extension for WindowsStandalone target not found
Native extension for iOS target not found
Native extension for Android target not found
Native extension for WebGL target not found
Refreshing native plugins compatible for Editor in 0.28 ms, found 2 plugins.
Preloading 0 native plugins for Editor in 0.00 ms.
Mono: successfully reloaded assembly
- Completed reload, in  0.595 seconds
Domain Reload Profiling:
	ReloadAssembly (596ms)
		BeginReloadAssembly (92ms)
			ExecutionOrderSort (0ms)
			DisableScriptedObjects (5ms)
			BackupInstance (0ms)
			ReleaseScriptingObjects (0ms)
			CreateAndSetChildDomain (19ms)
		EndReloadAssembly (445ms)
			LoadAssemblies (58ms)
			RebuildTransferFunctionScriptingTraits (0ms)
			SetupTypeCache (121ms)
			ReleaseScriptCaches (0ms)
			RebuildScriptCaches (32ms)
			SetupLoadedEditorAssemblies (205ms)
				LogAssemblyErrors (0ms)
				InitializePlatformSupportModulesInManaged (20ms)
				SetLoadedEditorAssemblies (0ms)
				RefreshPlugins (0ms)
				BeforeProcessingInitializeOnLoad (31ms)
				ProcessInitializeOnLoadAttributes (136ms)
				ProcessInitializeOnLoadMethodAttributes (15ms)
				AfterProcessingInitializeOnLoad (3ms)
				EditorAssembliesLoaded (0ms)
			ExecutionOrderSort2 (0ms)
			AwakeInstancesAfterBackupRestoration (4ms)
Platform modules already initialized, skipping
========================================================================
Worker process is ready to serve import requests
Launched and connected shader compiler UnityShaderCompiler.exe after 0.05 seconds
Refreshing native plugins compatible for Editor in 0.31 ms, found 2 plugins.
Preloading 0 native plugins for Editor in 0.00 ms.
Unloading 1393 Unused Serialized files (Serialized files now loaded: 0)
Unloading 18 unused Assets / (46.5 KB). Loaded Objects now: 1862.
Memory consumption went from 67.9 MB to 67.8 MB.
Total: 2.347400 ms (FindLiveObjects: 0.128100 ms CreateObjectMapping: 0.040200 ms MarkObjects: 2.126200 ms  DeleteObjects: 0.052300 ms)

AssetImportParameters requested are different than current active one (requested -> active):
  custom:video-decoder-ogg-theora: a1e56fd34408186e4bbccfd4996cb3dc -> 
  custom:container-muxer-webm: aa71ff27fc2769a1b78a27578f13a17b -> 
  custom:container-demuxer-webm: 4f35f7cbe854078d1ac9338744f61a02 -> 
  custom:video-encoder-webm-vp8: eb34c28f22e8b96e1ab97ce403110664 -> 
  custom:audio-encoder-webm-vorbis: bf7c407c2cedff20999df2af8eb42d56 -> 
  custom:framework-win-MediaFoundation: 216162199b28c13a410421893ffa2e32 -> 
  custom:container-demuxer-ogg: 62fdf1f143b41e24485cea50d1cbac27 -> 
  custom:video-decoder-webm-vp8: 9c59270c3fd7afecdb556c50c9e8de78 -> 
  custom:audio-decoder-ogg-vorbis: bf7c407c2cedff20999df2af8eb42d56 -> 
========================================================================
Received Import Request.
  Time since last request: 1226762.885028 seconds.
  path: Assets/MHAC
  artifactKey: Guid(4c3120f54dc01964da01ff941df8ed46) Importer(815301076,1909f56bfc062723c751e8b465ee728b)
Start importing Assets/MHAC using Guid(4c3120f54dc01964da01ff941df8ed46) Importer(815301076,1909f56bfc062723c751e8b465ee728b)  -> (artifact id: '1a158964db51dc956c9d388725ebf659') in 0.009038 seconds 
========================================================================
Received Import Request.
  Time since last request: 0.049289 seconds.
  path: Assets/MHAC/Editor/ChairConfigurator.cs
  artifactKey: Guid(ca9cc78a88a0fe245832a411a5f0aa45) Importer(815301076,1909f56bfc062723c751e8b465ee728b)
Start importing Assets/MHAC/Editor/ChairConfigurator.cs using Guid(ca9cc78a88a0fe245832a411a5f0aa45) Importer(815301076,1909f56bfc062723c751e8b465ee728b)  -> (artifact id: '548d2994d818f3d259c1db23ba390e22') in 0.024370 seconds 
========================================================================
Received Import Request.
  Time since last request: 0.871973 seconds.
  path: Assets/MHAC/Editor/Resources
  artifactKey: Guid(5d6dfdb6346803f4984eb9eb2594977c) Importer(815301076,1909f56bfc062723c751e8b465ee728b)
Start importing Assets/MHAC/Editor/Resources using Guid(5d6dfdb6346803f4984eb9eb2594977c) Importer(815301076,1909f56bfc062723c751e8b465ee728b)  -> (artifact id: 'cf09783b2ad4b40b6697d868aef12cb0') in 0.006334 seconds 
========================================================================
Received Import Request.
  Time since last request: 0.891855 seconds.
  path: Assets/MHAC/Editor/Resources/MHACbanner-larger.jpg
  artifactKey: Guid(6da574fc36daf6542afe9997fc1d3082) Importer(815301076,1909f56bfc062723c751e8b465ee728b)
Start importing Assets/MHAC/Editor/Resources/MHACbanner-larger.jpg using Guid(6da574fc36daf6542afe9997fc1d3082) Importer(815301076,1909f56bfc062723c751e8b465ee728b)  -> (artifact id: '49438abb770a501406c7d5a5ec1a5a15') in 0.073247 seconds 
========================================================================
Received Import Request.
  Time since last request: 0.000017 seconds.
  path: Assets/MHAC/Editor/Resources/MHAClogo2.png
  artifactKey: Guid(c248e1f32bdce094da1d4be6b519e705) Importer(815301076,1909f56bfc062723c751e8b465ee728b)
Start importing Assets/MHAC/Editor/Resources/MHAClogo2.png using Guid(c248e1f32bdce094da1d4be6b519e705) Importer(815301076,1909f56bfc062723c751e8b465ee728b)  -> (artifact id: 'd3a1141cb8bd295defdf075cc3310e72') in 0.012735 seconds 
========================================================================
Received Prepare
Refreshing native plugins compatible for Editor in 1.49 ms, found 2 plugins.
Preloading 0 native plugins for Editor in 0.00 ms.
Unloading 11 Unused Serialized files (Serialized files now loaded: 0)
Unloading 11 unused Assets / (21.9 KB). Loaded Objects now: 1866.
Memory consumption went from 39.5 MB to 39.5 MB.
Total: 2.378800 ms (FindLiveObjects: 0.099500 ms CreateObjectMapping: 0.033700 ms MarkObjects: 2.231100 ms  DeleteObjects: 0.013800 ms)

AssetImportParameters requested are different than current active one (requested -> active):
  custom:video-decoder-ogg-theora: a1e56fd34408186e4bbccfd4996cb3dc -> 
  custom:container-muxer-webm: aa71ff27fc2769a1b78a27578f13a17b -> 
  custom:container-demuxer-webm: 4f35f7cbe854078d1ac9338744f61a02 -> 
  custom:video-encoder-webm-vp8: eb34c28f22e8b96e1ab97ce403110664 -> 
  custom:CustomObjectIndexerAttribute: bc11b3a6c3213fcdd17b65e7da85e133 -> 
  custom:audio-encoder-webm-vorbis: bf7c407c2cedff20999df2af8eb42d56 -> 
  custom:framework-win-MediaFoundation: 216162199b28c13a410421893ffa2e32 -> 
  custom:container-demuxer-ogg: 62fdf1f143b41e24485cea50d1cbac27 -> 
  custom:video-decoder-webm-vp8: 9c59270c3fd7afecdb556c50c9e8de78 -> 
  custom:audio-decoder-ogg-vorbis: bf7c407c2cedff20999df2af8eb42d56 -> 
========================================================================
Received Import Request.
  Time since last request: 6327.528718 seconds.
  path: Assets/MHAC/Resources/RunTimeSettings.prefab
  artifactKey: Guid(78a53d55d4665ef4ab9d2bd82626b0b1) Importer(815301076,1909f56bfc062723c751e8b465ee728b)
Start importing Assets/MHAC/Resources/RunTimeSettings.prefab using Guid(78a53d55d4665ef4ab9d2bd82626b0b1) Importer(815301076,1909f56bfc062723c751e8b465ee728b)  -> (artifact id: '80a1d50802e58f6574955a8f411a7775') in 0.017913 seconds 
========================================================================
Received Import Request.
  Time since last request: 3.063098 seconds.
  path: Assets/MHAC/Scripts/ModuleSettingsSO.asset
  artifactKey: Guid(7ea014200f30cc6498aa2a3182f8bce5) Importer(815301076,1909f56bfc062723c751e8b465ee728b)
Start importing Assets/MHAC/Scripts/ModuleSettingsSO.asset using Guid(7ea014200f30cc6498aa2a3182f8bce5) Importer(815301076,1909f56bfc062723c751e8b465ee728b)  -> (artifact id: '3cacbddd4a36288b1fad55126f602321') in 0.008762 seconds 
